<?xml version="1.0" encoding="UTF-8"?>
<!-- Generated by org.testng.reporters.JUnitReportReporter -->
<testsuite hostname="Umair-G5" failures="0" tests="1" name="tests.indexTest" time="18.610" errors="0" timestamp="2024-01-21T21:12:25 PKT" skipped="0">
  <testcase classname="tests.indexTest" name="loadPage" time="18.610"/>
  <system-out/>
</testsuite> <!-- tests.indexTest -->
