<?xml version="1.0" encoding="UTF-8"?>
<!-- Generated by org.testng.reporters.JUnitReportReporter -->
<testsuite hostname="Umair-G5" failures="0" tests="1" name="tests.LoginTest" time="3.814" errors="0" timestamp="2024-01-21T21:32:29 PKT" skipped="0">
  <testcase classname="tests.LoginTest" name="loginTest" time="3.814"/>
  <system-out/>
</testsuite> <!-- tests.LoginTest -->
